Arguments: 
  C:\Program Files\nodejs\node.exe C:\Program Files (x86)\Yarn\bin\yarn.js init

PATH: 
  C:\Users\shehr\bin;C:\Program Files\Git\mingw64\bin;C:\Program Files\Git\usr\local\bin;C:\Program Files\Git\usr\bin;C:\Program Files\Git\usr\bin;C:\Program Files\Git\mingw64\bin;C:\Program Files\Git\usr\bin;C:\Users\shehr\bin;C:\WINDOWS\system32;C:\WINDOWS;C:\WINDOWS\System32\Wbem;C:\WINDOWS\System32\WindowsPowerShell\v1.0;C:\WINDOWS\System32\OpenSSH;C:\Program Files\nodejs;C:\Program Files (x86)\Yarn\bin;C:\Program Files\dotnet;C:\Program Files\MongoDB\Server\6.0\bin;C:\Program Files\Git\cmd;C:\Program Files (x86)\Intel\Intel(R) Management Engine Components\DAL;C:\Program Files\Intel\Intel(R) Management Engine Components\DAL;C:\Program Files (x86)\NetSarang\Xshell 7;C:\Program Files\MySQL\MySQL Shell 8.0\bin;C:\Users\shehr\AppData\Local\Programs\Python\Python311\Scripts;C:\Users\shehr\AppData\Local\Programs\Python\Python311;C:\Users\shehr\AppData\Local\Microsoft\WindowsApps;C:\Users\shehr\AppData\Local\Programs\Microsoft VS Code\bin;C:\Users\shehr\AppData\Roaming\npm;C:\Users\shehr\AppData\Local\Yarn\bin;C:\Program Files\MongoDB\Server\6.0\bin;C:\Users\shehr\AppData\Local\GitHubDesktop\bin;C:\Program Files\Git\usr\bin\vendor_perl;C:\Program Files\Git\usr\bin\core_perl

Yarn version: 
  1.22.19

Node version: 
  16.17.0

Platform: 
  win32 x64

Trace: 
  Error: canceled
      at Interface.<anonymous> (C:\Program Files (x86)\Yarn\lib\cli.js:137150:13)
      at Interface.emit (node:events:513:28)
      at Interface._ttyWrite (node:readline:1085:16)
      at ReadStream.onkeypress (node:readline:291:10)
      at ReadStream.emit (node:events:513:28)
      at emitKeys (node:internal/readline/utils:357:14)
      at emitKeys.next (<anonymous>)
      at ReadStream.onData (node:internal/readline/emitKeypressEvents:61:36)
      at ReadStream.emit (node:events:513:28)
      at addChunk (node:internal/streams/readable:315:12)

npm manifest: 
  No manifest

yarn manifest: 
  No manifest

Lockfile: 
  No lockfile
